<?xml version="1.0" encoding="UTF-8"?>
<testng-results ignored="0" total="1" passed="1" failed="0" skipped="0">
  <reporter-output>
  </reporter-output>
  <suite started-at="2023-09-30T17:17:37 IST" name="Default suite" finished-at="2023-09-30T17:18:50 IST" duration-ms="72644">
    <groups>
    </groups>
    <test started-at="2023-09-30T17:17:37 IST" name="Default test" finished-at="2023-09-30T17:18:50 IST" duration-ms="72644">
      <class name="com.Magneto.TestLayer.LoginTest">
        <test-method is-config="true" signature="setup()[pri:0, instance:com.Magneto.TestLayer.LoginTest@35d019a3]" started-at="2023-09-30T17:17:37 IST" name="setup" finished-at="2023-09-30T17:18:39 IST" duration-ms="61995" status="PASS">
          <reporter-output>
          </reporter-output>
        </test-method> <!-- setup -->
        <test-method signature="verifythatclickonsigninbutton()[pri:0, instance:com.Magneto.TestLayer.LoginTest@35d019a3]" started-at="2023-09-30T17:18:39 IST" name="verifythatclickonsigninbutton" finished-at="2023-09-30T17:18:50 IST" duration-ms="10507" status="PASS">
          <reporter-output>
          </reporter-output>
        </test-method> <!-- verifythatclickonsigninbutton -->
        <test-method is-config="true" signature="TearDown()[pri:0, instance:com.Magneto.TestLayer.LoginTest@35d019a3]" started-at="2023-09-30T17:18:50 IST" name="TearDown" finished-at="2023-09-30T17:18:50 IST" duration-ms="2" status="PASS">
          <reporter-output>
          </reporter-output>
        </test-method> <!-- TearDown -->
      </class> <!-- com.Magneto.TestLayer.LoginTest -->
    </test> <!-- Default test -->
  </suite> <!-- Default suite -->
</testng-results>
